0 7
1 5
2 6
3 6
4 8
5 5
6 5
7 5
8 6
9 7
10 4
11 4
12 5
13 6
14 6
15 3
16 4
17 8
18 3
19 7
20 7
21 7
22 6
23 6
24 6
25 7
26 7
27 4
28 2
29 5
30 5
31 5
32 7
33 6
34 6
35 6
36 5
37 7
38 4
39 6
40 9
41 8
42 5
43 7
44 6
45 6
46 6
47 4
48 5
49 8
50 6
51 5
52 4
53 5
54 5
55 5
56 6
57 7
58 6
59 9
60 5
61 4
62 5
63 3
64 5
65 6
66 7
67 6
68 3
69 6
70 6
71 6
72 7
73 7
74 3
75 4
76 7
77 6
78 6
79 9
80 6
81 7
82 7
83 6
84 8
85 7
86 8
87 6
88 5
89 5
90 6
91 8
92 6
93 8
94 5
95 6
96 5
97 7
98 7
99 6
100 4
101 5
102 6
103 6
104 5
105 7
106 2
107 4
108 4
109 6
110 8
111 7
112 6
113 7
114 5
115 7
116 5
117 5
118 7
119 6
120 4
121 6
122 5
123 6
124 9
125 8
126 6
127 5
128 4
129 5
130 6
131 7
132 6
133 7
134 4
135 7
136 6
137 6
138 8
139 6
140 7
141 7
142 7
143 8
144 8
145 7
146 5
147 5
148 4
149 5
150 6
151 7
152 9
153 6
154 6
155 6
156 5
157 7
158 6
159 4
160 5
161 6
162 6
163 5
164 5
165 5
166 6
167 6
168 5
169 6
170 5
171 8
172 9
173 4
174 6
175 6
176 5
177 9
178 7
179 6
180 4
181 4
182 4
183 6
184 5
185 7
186 7
187 7
188 6
189 7
190 6
191 5
192 7
193 7
194 6
195 3
196 7
197 4
198 7
199 8
200 4
201 7
202 3
203 4
204 7
205 6
206 5
207 5
208 6
209 3
210 5
211 4
212 6
213 8
214 9
215 3
216 6
217 7
218 5
219 5
220 5
221 7
222 8
223 4
224 5
225 8
226 5
227 7
228 6
229 7
230 6
231 7
232 6
233 4
234 5
235 6
236 7
237 7
238 4
239 8
240 8
241 6
242 6
243 7
244 6
245 6
246 6
247 5
248 5
249 6
250 7
251 5
252 7
253 5
254 6
255 4
256 5
257 7
258 4
259 6
260 4
261 5
262 8
263 6
264 6
265 6
266 7
267 7
268 5
269 6
270 5
271 6
272 6
273 7
274 7
275 5
276 6
277 7
278 5
279 7
280 6
281 7
282 6
283 6
284 7
285 8
286 7
287 5
288 3
289 6
290 5
291 6
292 6
293 4
294 7
295 6
296 7
297 5
298 8
299 6
300 5
301 4
302 4
303 7
304 6
305 5
306 6
307 5
308 8
309 6
310 6
311 8
312 5
313 4
314 7
315 6
316 9
317 10
318 10
319 8
320 6
321 4
322 4
323 5
324 7
325 10
326 6
327 6
328 6
329 7
330 9
331 5
332 6
333 6
334 6
335 4
336 7
337 7
338 6
339 6
340 5
341 6
342 7
343 7
344 8
345 6
346 3
347 6
348 6
349 4
350 6
351 8
352 8
353 5
354 6
355 4
356 7
357 6
358 5
359 7
360 8
361 8
362 8
363 7
364 7
365 9
366 5
367 6
368 6
369 3
370 5
371 6
372 6
373 4
374 3
375 6
376 10
377 6
378 6
379 5
380 3
381 5
382 6
383 6
384 7
385 7
386 6
387 5
388 6
389 5
390 8
391 5
392 7
393 9
394 7
395 7
396 6
397 7
398 7
399 4
400 4
401 6
402 5
403 7
404 8
405 6
406 5
407 4
408 4
409 8
410 6
411 6
412 6
413 5
414 4
415 7
416 7
417 9
418 7
419 8
420 8
421 6
422 4
423 7
424 7
425 6
426 6
427 4
428 5
429 7
430 5
431 6
432 6
433 6
434 5
435 4
436 6
437 7
438 8
439 7
440 7
441 5
442 5
443 6
444 5
445 7
446 7
447 6
448 5
449 5
450 6
451 8
452 7
453 8
454 6
455 6
456 7
457 6
458 7
459 8
460 5
461 5
462 7
463 8
464 7
465 5
466 5
467 6
468 7
469 7
470 7
471 7
472 6
473 6
474 7
475 5
476 6
477 7
478 5
479 8
480 8
481 6
482 6
483 6
484 6
485 5
486 5
487 5
488 6
489 8
490 5
491 7
492 7
493 6
494 7
495 8
496 7
497 7
498 6
499 8
500 7
501 5
502 8
503 5
504 5
505 7
506 6
507 9
508 5
509 8
510 6
511 6
512 7
513 5
514 6
515 6
516 8
517 5
518 5
519 5
520 6
521 7
522 4
523 4
524 5
525 6
526 6
527 3
528 4
529 8
530 3
531 7
532 7
533 7
534 6
535 6
536 6
537 7
538 7
539 4
540 2
541 5
542 5
543 5
544 7
545 6
546 6
547 6
548 5
549 7
550 4
551 6
552 9
553 8
554 5
555 7
556 6
557 6
558 6
559 4
560 5
561 8
562 6
563 5
564 4
565 5
566 5
567 5
568 6
569 7
570 6
571 9
572 5
573 4
574 5
575 3
576 5
577 6
578 7
579 6
580 3
581 6
582 6
583 6
584 7
585 7
586 3
587 4
588 7
589 6
590 6
591 9
592 6
593 7
594 7
595 6
596 8
597 7
598 8
599 6
600 5
601 5
602 6
603 8
604 6
605 8
606 5
607 6
608 5
609 7
610 7
611 6
612 4
613 5
614 6
615 6
616 5
617 7
618 2
619 4
620 4
621 6
622 8
623 7
624 6
625 7
626 5
627 7
628 5
629 5
630 7
631 6
632 4
633 6
634 5
635 6
636 9
637 8
638 6
639 5
640 4
641 5
642 6
643 7
644 6
645 7
646 4
647 7
648 6
649 6
650 8
651 6
652 7
653 7
654 7
655 8
656 8
657 7
658 5
659 5
660 4
661 5
662 6
663 7
664 9
665 6
666 6
667 6
668 5
669 7
670 6
671 4
672 5
673 6
674 6
675 5
676 5
677 5
678 6
679 6
680 5
681 6
682 5
683 8
684 9
685 4
686 6
687 6
688 5
689 9
690 7
691 6
692 4
693 4
694 4
695 6
696 5
697 7
698 7
699 7
700 6
701 7
702 6
703 5
704 7
705 7
706 6
707 3
708 7
709 4
710 7
711 8
712 4
713 7
714 3
715 4
716 7
717 6
718 5
719 5
720 6
721 3
722 5
723 4
724 6
725 8
726 9
727 3
728 6
729 7
730 5
731 5
732 5
733 7
734 8
735 4
736 5
737 8
738 5
739 7
740 6
741 7
742 6
743 7
744 6
745 4
746 5
747 6
748 7
749 7
750 4
751 8
752 8
753 6
754 6
755 7
756 6
757 6
758 6
759 5
760 5
761 6
762 7
763 5
764 7
765 5
766 6
767 4
768 5
769 7
770 4
771 6
772 4
773 5
774 8
775 6
776 6
777 6
778 7
779 7
780 5
781 6
782 5
783 6
784 6
785 7
786 7
787 5
788 6
789 7
790 5
791 7
792 6
793 7
794 6
795 6
796 7
797 8
798 7
799 5
800 3
801 6
802 5
803 6
804 6
805 4
806 7
807 6
808 7
809 5
810 8
811 6
812 5
813 4
814 4
815 7
816 6
817 5
818 6
819 5
820 8
821 6
822 6
823 8
824 5
825 4
826 7
827 6
828 9
829 10
830 10
831 8
832 6
833 4
834 4
835 5
836 7
837 10
838 6
839 6
840 6
841 7
842 9
843 5
844 6
845 6
846 6
847 4
848 7
849 7
850 6
851 6
852 5
853 6
854 7
855 7
856 8
857 6
858 3
859 6
860 6
861 4
862 6
863 8
864 8
865 5
866 6
867 4
868 7
869 6
870 5
871 7
872 8
873 8
874 8
875 7
876 7
877 9
878 5
879 6
880 6
881 3
882 5
883 6
884 6
885 4
886 3
887 6
888 10
889 6
890 6
891 5
892 3
893 5
894 6
895 6
896 7
897 7
898 6
899 5
900 6
901 5
902 8
903 5
904 7
905 9
906 7
907 7
908 6
909 7
910 7
911 4
912 4
913 6
914 5
915 7
916 8
917 6
918 5
919 4
920 4
921 8
922 6
923 6
924 6
925 5
926 4
927 7
928 7
929 9
930 7
931 8
932 8
933 6
934 4
935 7
936 7
937 6
938 6
939 4
940 5
941 7
942 5
943 6
944 6
945 6
946 5
947 4
948 6
949 7
950 8
951 7
952 7
953 5
954 5
955 6
956 5
957 7
958 7
959 6
960 5
961 5
962 6
963 8
964 7
965 8
966 6
967 6
968 7
969 6
970 7
971 8
972 5
973 5
974 7
975 8
976 7
977 5
978 5
979 6
980 7
981 7
982 7
983 7
984 6
985 6
986 7
987 5
988 6
989 7
990 5
991 8
992 8
993 6
994 6
995 6
996 6
997 5
998 5
999 5
